Using pre-set license
Built from '2021.3/staging' branch; Version is '2021.3.23f1 (213b516bf396) revision 2177873'; Using compiler version '192829333'; Build Type 'Release'
OS: 'Windows 11  (10.0.22621) 64bit Core' Language: 'es' Physical Memory: 15805 MB
BatchMode: 1, IsHumanControllingUs: 0, StartBugReporterOnCrash: 0, Is64bit: 1, IsPro: 1

COMMAND LINE ARGUMENTS:
D:\Unity\2021.3.23f1\Editor\Unity.exe
-adb2
-batchMode
-noUpm
-name
AssetImportWorker0
-projectPath
E:/DAM/M08 Desenvolupamen App mobil/gameM08/gameM08/theGameM08/gameM08_EndlessRunner
-logFile
Logs/AssetImportWorker0.log
-srvPort
62309
Successfully changed project path to: E:/DAM/M08 Desenvolupamen App mobil/gameM08/gameM08/theGameM08/gameM08_EndlessRunner
E:/DAM/M08 Desenvolupamen App mobil/gameM08/gameM08/theGameM08/gameM08_EndlessRunner
[UnityMemory] Configuration Parameters - Can be set up in boot.config
    "memorysetup-bucket-allocator-granularity=16"
    "memorysetup-bucket-allocator-bucket-count=8"
    "memorysetup-bucket-allocator-block-size=33554432"
    "memorysetup-bucket-allocator-block-count=8"
    "memorysetup-main-allocator-block-size=16777216"
    "memorysetup-thread-allocator-block-size=16777216"
    "memorysetup-gfx-main-allocator-block-size=16777216"
    "memorysetup-gfx-thread-allocator-block-size=16777216"
    "memorysetup-cache-allocator-block-size=4194304"
    "memorysetup-typetree-allocator-block-size=2097152"
    "memorysetup-profiler-bucket-allocator-granularity=16"
    "memorysetup-profiler-bucket-allocator-bucket-count=8"
    "memorysetup-profiler-bucket-allocator-block-size=33554432"
    "memorysetup-profiler-bucket-allocator-block-count=8"
    "memorysetup-profiler-allocator-block-size=16777216"
    "memorysetup-profiler-editor-allocator-block-size=1048576"
    "memorysetup-temp-allocator-size-main=16777216"
    "memorysetup-job-temp-allocator-block-size=2097152"
    "memorysetup-job-temp-allocator-block-size-background=1048576"
    "memorysetup-job-temp-allocator-reduction-small-platforms=262144"
    "memorysetup-temp-allocator-size-background-worker=32768"
    "memorysetup-temp-allocator-size-job-worker=262144"
    "memorysetup-temp-allocator-size-preload-manager=33554432"
    "memorysetup-temp-allocator-size-nav-mesh-worker=65536"
    "memorysetup-temp-allocator-size-audio-worker=65536"
    "memorysetup-temp-allocator-size-cloud-worker=32768"
    "memorysetup-temp-allocator-size-gi-baking-worker=262144"
    "memorysetup-temp-allocator-size-gfx=262144"
Player connection [19924] Host "[IP] 169.254.194.88 [Port] 0 [Flags] 2 [Guid] 2411547032 [EditorId] 2411547032 [Version] 1048832 [Id] WindowsEditor(7,ItsMeMario) [Debug] 1 [PackageName] WindowsEditor [ProjectName] Editor" joined multi-casting on [225.0.0.222:54997]...

Player connection [19924] Host "[IP] 169.254.194.88 [Port] 0 [Flags] 2 [Guid] 2411547032 [EditorId] 2411547032 [Version] 1048832 [Id] WindowsEditor(7,ItsMeMario) [Debug] 1 [PackageName] WindowsEditor [ProjectName] Editor" joined alternative multi-casting on [225.0.0.222:34997]...

Refreshing native plugins compatible for Editor in 68.37 ms, found 2 plugins.
Preloading 0 native plugins for Editor in 0.00 ms.
Initialize engine version: 2021.3.23f1 (213b516bf396)
[Subsystems] Discovering subsystems at path D:/Unity/2021.3.23f1/Editor/Data/Resources/UnitySubsystems
[Subsystems] Discovering subsystems at path E:/DAM/M08 Desenvolupamen App mobil/gameM08/gameM08/theGameM08/gameM08_EndlessRunner/Assets
GfxDevice: creating device client; threaded=0; jobified=0
Direct3D:
    Version:  Direct3D 11.0 [level 11.1]
    Renderer: NVIDIA GeForce GTX 1650 (ID=0x1f91)
    Vendor:   NVIDIA
    VRAM:     3962 MB
    Driver:   31.0.15.1640
Initialize mono
Mono path[0] = 'D:/Unity/2021.3.23f1/Editor/Data/Managed'
Mono path[1] = 'D:/Unity/2021.3.23f1/Editor/Data/MonoBleedingEdge/lib/mono/unityjit-win32'
Mono config path = 'D:/Unity/2021.3.23f1/Editor/Data/MonoBleedingEdge/etc'
Using monoOptions --debugger-agent=transport=dt_socket,embedding=1,server=y,suspend=n,address=127.0.0.1:56228
Begin MonoManager ReloadAssembly
Registering precompiled unity dll's ...
Register platform support module: D:/Unity/2021.3.23f1/Editor/Data/PlaybackEngines/WebGLSupport/UnityEditor.WebGL.Extensions.dll
Register platform support module: D:/Unity/2021.3.23f1/Editor/Data/PlaybackEngines/AndroidPlayer/UnityEditor.Android.Extensions.dll
Register platform support module: D:/Unity/2021.3.23f1/Editor/Data/PlaybackEngines/WindowsStandaloneSupport/UnityEditor.WindowsStandalone.Extensions.dll
Registered in 0.007004 seconds.
Native extension for WindowsStandalone target not found
Native extension for Android target not found
Android Extension - Scanning For ADB Devices 348 ms
Native extension for WebGL target not found
Refreshing native plugins compatible for Editor in 50.49 ms, found 2 plugins.
Preloading 0 native plugins for Editor in 0.00 ms.
Mono: successfully reloaded assembly
- Completed reload, in  1.335 seconds
Domain Reload Profiling:
	ReloadAssembly (1335ms)
		BeginReloadAssembly (132ms)
			ExecutionOrderSort (0ms)
			DisableScriptedObjects (0ms)
			BackupInstance (0ms)
			ReleaseScriptingObjects (0ms)
			CreateAndSetChildDomain (1ms)
		EndReloadAssembly (1025ms)
			LoadAssemblies (132ms)
			RebuildTransferFunctionScriptingTraits (0ms)
			SetupTypeCache (158ms)
			ReleaseScriptCaches (0ms)
			RebuildScriptCaches (39ms)
			SetupLoadedEditorAssemblies (740ms)
				LogAssemblyErrors (0ms)
				InitializePlatformSupportModulesInManaged (467ms)
				SetLoadedEditorAssemblies (0ms)
				RefreshPlugins (51ms)
				BeforeProcessingInitializeOnLoad (2ms)
				ProcessInitializeOnLoadAttributes (151ms)
				ProcessInitializeOnLoadMethodAttributes (68ms)
				AfterProcessingInitializeOnLoad (0ms)
				EditorAssembliesLoaded (0ms)
			ExecutionOrderSort2 (0ms)
			AwakeInstancesAfterBackupRestoration (0ms)
Platform modules already initialized, skipping
Registering precompiled user dll's ...
Registered in 0.005716 seconds.
Begin MonoManager ReloadAssembly
Native extension for WindowsStandalone target not found
Native extension for Android target not found
Native extension for WebGL target not found
Refreshing native plugins compatible for Editor in 1.00 ms, found 2 plugins.
Preloading 0 native plugins for Editor in 0.00 ms.
Mono: successfully reloaded assembly
- Completed reload, in  1.472 seconds
Domain Reload Profiling:
	ReloadAssembly (1473ms)
		BeginReloadAssembly (155ms)
			ExecutionOrderSort (0ms)
			DisableScriptedObjects (8ms)
			BackupInstance (0ms)
			ReleaseScriptingObjects (0ms)
			CreateAndSetChildDomain (26ms)
		EndReloadAssembly (1183ms)
			LoadAssemblies (123ms)
			RebuildTransferFunctionScriptingTraits (0ms)
			SetupTypeCache (263ms)
			ReleaseScriptCaches (1ms)
			RebuildScriptCaches (67ms)
			SetupLoadedEditorAssemblies (653ms)
				LogAssemblyErrors (0ms)
				InitializePlatformSupportModulesInManaged (24ms)
				SetLoadedEditorAssemblies (1ms)
				RefreshPlugins (1ms)
				BeforeProcessingInitializeOnLoad (157ms)
				ProcessInitializeOnLoadAttributes (279ms)
				ProcessInitializeOnLoadMethodAttributes (188ms)
				AfterProcessingInitializeOnLoad (3ms)
				EditorAssembliesLoaded (0ms)
			ExecutionOrderSort2 (0ms)
			AwakeInstancesAfterBackupRestoration (7ms)
Platform modules already initialized, skipping
========================================================================
Worker process is ready to serve import requests
Launched and connected shader compiler UnityShaderCompiler.exe after 0.06 seconds
Refreshing native plugins compatible for Editor in 1.06 ms, found 2 plugins.
Preloading 0 native plugins for Editor in 0.00 ms.
Unloading 2245 Unused Serialized files (Serialized files now loaded: 0)
Unloading 50 unused Assets / (56.4 KB). Loaded Objects now: 2694.
Memory consumption went from 87.6 MB to 87.6 MB.
Total: 7.668000 ms (FindLiveObjects: 0.303100 ms CreateObjectMapping: 0.074900 ms MarkObjects: 7.179300 ms  DeleteObjects: 0.108500 ms)

AssetImportParameters requested are different than current active one (requested -> active):
  custom:video-decoder-ogg-theora: a1e56fd34408186e4bbccfd4996cb3dc -> 
  custom:container-muxer-webm: aa71ff27fc2769a1b78a27578f13a17b -> 
  custom:container-demuxer-webm: 4f35f7cbe854078d1ac9338744f61a02 -> 
  custom:video-encoder-webm-vp8: eb34c28f22e8b96e1ab97ce403110664 -> 
  custom:audio-encoder-webm-vorbis: bf7c407c2cedff20999df2af8eb42d56 -> 
  custom:framework-win-MediaFoundation: 216162199b28c13a410421893ffa2e32 -> 
  custom:container-demuxer-ogg: 62fdf1f143b41e24485cea50d1cbac27 -> 
  custom:video-decoder-webm-vp8: 9c59270c3fd7afecdb556c50c9e8de78 -> 
  custom:audio-decoder-ogg-vorbis: bf7c407c2cedff20999df2af8eb42d56 -> 
========================================================================
Received Import Request.
  Time since last request: 70272.045252 seconds.
  path: Assets/arbusto 2.psd
  artifactKey: Guid(86679e2a8ecc07a45bd46cc424531247) Importer(815301076,1909f56bfc062723c751e8b465ee728b)
Start importing Assets/arbusto 2.psd using Guid(86679e2a8ecc07a45bd46cc424531247) Importer(815301076,1909f56bfc062723c751e8b465ee728b)  -> (artifact id: '94be784621ca935093315e66b8eeb859') in 0.148119 seconds 
========================================================================
Received Import Request.
  Time since last request: 0.000045 seconds.
  path: Assets/18026_1464273715 (1).mp3
  artifactKey: Guid(6ef6ad41cf6e8b447a9b9205a9c38dcc) Importer(815301076,1909f56bfc062723c751e8b465ee728b)
Start importing Assets/18026_1464273715 (1).mp3 using Guid(6ef6ad41cf6e8b447a9b9205a9c38dcc) Importer(815301076,1909f56bfc062723c751e8b465ee728b)  -> (artifact id: '6f2cce680a465072efd34333737d9fbc') in 0.077508 seconds 
========================================================================
Received Import Request.
  Time since last request: 0.000054 seconds.
  path: Assets/jajaja.png
  artifactKey: Guid(5e6073e005acf1e46996d04198299354) Importer(815301076,1909f56bfc062723c751e8b465ee728b)
Start importing Assets/jajaja.png using Guid(5e6073e005acf1e46996d04198299354) Importer(815301076,1909f56bfc062723c751e8b465ee728b)  -> (artifact id: 'e30b04acb1f96018f9afa37962316b63') in 0.097210 seconds 
========================================================================
Received Import Request.
  Time since last request: 0.000023 seconds.
  path: Assets/cerezita.psd
  artifactKey: Guid(3f7e26b5cd745e94e93fb1d99900f1ba) Importer(815301076,1909f56bfc062723c751e8b465ee728b)
Start importing Assets/cerezita.psd using Guid(3f7e26b5cd745e94e93fb1d99900f1ba) Importer(815301076,1909f56bfc062723c751e8b465ee728b)  -> (artifact id: 'cdca5aa9eb81d926e7a385c69222482d') in 0.037741 seconds 
========================================================================
Received Import Request.
  Time since last request: 0.000028 seconds.
  path: Assets/16033.png
  artifactKey: Guid(f860a75fbc0512840843abbbef97b556) Importer(815301076,1909f56bfc062723c751e8b465ee728b)
Start importing Assets/16033.png using Guid(f860a75fbc0512840843abbbef97b556) Importer(815301076,1909f56bfc062723c751e8b465ee728b)  -> (artifact id: '5e86c1ba8842c6149581be40c07a706a') in 0.056016 seconds 
========================================================================
Received Import Request.
  Time since last request: 0.000026 seconds.
  path: Assets/aRRIBA.psd
  artifactKey: Guid(b3bac4f5c2a489749914ce907d9f0bf6) Importer(815301076,1909f56bfc062723c751e8b465ee728b)
Start importing Assets/aRRIBA.psd using Guid(b3bac4f5c2a489749914ce907d9f0bf6) Importer(815301076,1909f56bfc062723c751e8b465ee728b)  -> (artifact id: '286df3ed5d1239da4b55082aa58a9a56') in 0.025947 seconds 
========================================================================
Received Import Request.
  Time since last request: 0.000026 seconds.
  path: Assets/18174_1464358368.mp3
  artifactKey: Guid(eb089a244553f954b95e9841323f04c2) Importer(815301076,1909f56bfc062723c751e8b465ee728b)
Start importing Assets/18174_1464358368.mp3 using Guid(eb089a244553f954b95e9841323f04c2) Importer(815301076,1909f56bfc062723c751e8b465ee728b)  -> (artifact id: '938201eb614eac879c6008fc4eae701f') in 0.019210 seconds 
========================================================================
Received Import Request.
  Time since last request: 0.000051 seconds.
  path: Assets/bg.psd
  artifactKey: Guid(53ecc6dd8d92ae542874a1cc910dcaa8) Importer(815301076,1909f56bfc062723c751e8b465ee728b)
Start importing Assets/bg.psd using Guid(53ecc6dd8d92ae542874a1cc910dcaa8) Importer(815301076,1909f56bfc062723c751e8b465ee728b)  -> (artifact id: '5d4a4e3f9315256ca060028cadfeb5c1') in 0.037550 seconds 
========================================================================
Received Import Request.
  Time since last request: 0.000031 seconds.
  path: Assets/arbusto 1.psd
  artifactKey: Guid(e62f5aba5133f4447a05b84cdb1935c7) Importer(815301076,1909f56bfc062723c751e8b465ee728b)
Start importing Assets/arbusto 1.psd using Guid(e62f5aba5133f4447a05b84cdb1935c7) Importer(815301076,1909f56bfc062723c751e8b465ee728b)  -> (artifact id: 'c34186f7663ebd58d567261c44a64992') in 0.031120 seconds 
========================================================================
Received Import Request.
  Time since last request: 6.260923 seconds.
  path: Assets/MainMixer.mixer
  artifactKey: Guid(621b58a16dc61ee4eac73d42d2a4f925) Importer(815301076,1909f56bfc062723c751e8b465ee728b)
Start importing Assets/MainMixer.mixer using Guid(621b58a16dc61ee4eac73d42d2a4f925) Importer(815301076,1909f56bfc062723c751e8b465ee728b)  -> (artifact id: '7df7ff5480afc6affd8fa892446d4a86') in 0.019029 seconds 
========================================================================
Received Import Request.
  Time since last request: 0.000029 seconds.
  path: Assets/Muro.prefab
  artifactKey: Guid(dd9e327782d076d48af2c9a2fe9b8b77) Importer(815301076,1909f56bfc062723c751e8b465ee728b)
Start importing Assets/Muro.prefab using Guid(dd9e327782d076d48af2c9a2fe9b8b77) Importer(815301076,1909f56bfc062723c751e8b465ee728b)  -> (artifact id: '61466d8035246281c56cd56db81c83dc') in 0.058217 seconds 
========================================================================
Received Import Request.
  Time since last request: 0.000022 seconds.
  path: Assets/Muro 2.prefab
  artifactKey: Guid(9b33a2b27d02d6545855199f2604d3f4) Importer(815301076,1909f56bfc062723c751e8b465ee728b)
Start importing Assets/Muro 2.prefab using Guid(9b33a2b27d02d6545855199f2604d3f4) Importer(815301076,1909f56bfc062723c751e8b465ee728b)  -> (artifact id: 'ba40ffb5525fa3d1d452425797268459') in 0.049007 seconds 
========================================================================
Received Import Request.
  Time since last request: 0.000041 seconds.
  path: Assets/pause menu.prefab
  artifactKey: Guid(eefb522027e988e489b0264b32afff6a) Importer(815301076,1909f56bfc062723c751e8b465ee728b)
Start importing Assets/pause menu.prefab using Guid(eefb522027e988e489b0264b32afff6a) Importer(815301076,1909f56bfc062723c751e8b465ee728b)  -> (artifact id: 'b131320800b60898ed4e5c8fc171e073') in 0.031559 seconds 
========================================================================
Received Import Request.
  Time since last request: 0.000028 seconds.
  path: Assets/Obstacle effect.prefab
  artifactKey: Guid(01eb2733f7e9a784fa56173b241871dd) Importer(815301076,1909f56bfc062723c751e8b465ee728b)
Start importing Assets/Obstacle effect.prefab using Guid(01eb2733f7e9a784fa56173b241871dd) Importer(815301076,1909f56bfc062723c751e8b465ee728b)  -> (artifact id: '786ed5881f15c2f905394f2a96a9452e') in 0.037872 seconds 
========================================================================
Received Import Request.
  Time since last request: 0.000026 seconds.
  path: Assets/Patrones (1).prefab
  artifactKey: Guid(26bb053e578996049846dd8ae37b4bf8) Importer(815301076,1909f56bfc062723c751e8b465ee728b)
Start importing Assets/Patrones (1).prefab using Guid(26bb053e578996049846dd8ae37b4bf8) Importer(815301076,1909f56bfc062723c751e8b465ee728b)  -> (artifact id: '0193046ba72b7ffa58674dc708905aff') in 0.017422 seconds 
========================================================================
Received Import Request.
  Time since last request: 0.000026 seconds.
  path: Assets/Patrones (3).prefab
  artifactKey: Guid(12b3039cba54de546ba4e554101a55fc) Importer(815301076,1909f56bfc062723c751e8b465ee728b)
Start importing Assets/Patrones (3).prefab using Guid(12b3039cba54de546ba4e554101a55fc) Importer(815301076,1909f56bfc062723c751e8b465ee728b)  -> (artifact id: '1e2f2e81ca869f5d460b61bdb381733a') in 0.022468 seconds 
========================================================================
Received Import Request.
  Time since last request: 0.224364 seconds.
  path: Assets/reversed triangle 1.psd
  artifactKey: Guid(b74df11d3f037854eb694c48f7afc382) Importer(815301076,1909f56bfc062723c751e8b465ee728b)
Start importing Assets/reversed triangle 1.psd using Guid(b74df11d3f037854eb694c48f7afc382) Importer(815301076,1909f56bfc062723c751e8b465ee728b)  -> (artifact id: '501982ac54721c13470302fee3e234ba') in 0.039165 seconds 
========================================================================
Received Import Request.
  Time since last request: 0.000026 seconds.
  path: Assets/shrimp (1).prefab
  artifactKey: Guid(40838ea8e811a8446b01ff188d0501f6) Importer(815301076,1909f56bfc062723c751e8b465ee728b)
Start importing Assets/shrimp (1).prefab using Guid(40838ea8e811a8446b01ff188d0501f6) Importer(815301076,1909f56bfc062723c751e8b465ee728b)  -> (artifact id: '27b0f2fed84257a5c7406aafd49a6e12') in 0.036670 seconds 
========================================================================
Received Import Request.
  Time since last request: 0.000028 seconds.
  path: Assets/shrimp.psd
  artifactKey: Guid(9b04ed3350fd9f4448f010d358d592ea) Importer(815301076,1909f56bfc062723c751e8b465ee728b)
Start importing Assets/shrimp.psd using Guid(9b04ed3350fd9f4448f010d358d592ea) Importer(815301076,1909f56bfc062723c751e8b465ee728b)  -> (artifact id: '0f3553d3473e512a80debed9352af4d7') in 0.035683 seconds 
========================================================================
Received Import Request.
  Time since last request: 0.000049 seconds.
  path: Assets/triangle-png-29.png
  artifactKey: Guid(bbc0d19202859d745bff2aab1ec03e2c) Importer(815301076,1909f56bfc062723c751e8b465ee728b)
Start importing Assets/triangle-png-29.png using Guid(bbc0d19202859d745bff2aab1ec03e2c) Importer(815301076,1909f56bfc062723c751e8b465ee728b)  -> (artifact id: '104c7aadc97bb9a69abf2a14311da9c2') in 0.043190 seconds 
========================================================================
Received Import Request.
  Time since last request: 0.000025 seconds.
  path: Assets/ueee.prefab
  artifactKey: Guid(a58f88b91539ad44eb522a047f15db40) Importer(815301076,1909f56bfc062723c751e8b465ee728b)
Start importing Assets/ueee.prefab using Guid(a58f88b91539ad44eb522a047f15db40) Importer(815301076,1909f56bfc062723c751e8b465ee728b)  -> (artifact id: '98a141b37c4547b52e74068af301bdfd') in 0.016856 seconds 
========================================================================
Received Import Request.
  Time since last request: 0.000024 seconds.
  path: Assets/ufu.png
  artifactKey: Guid(7d6ed4f9c9edab841b196e1e69b688f0) Importer(815301076,1909f56bfc062723c751e8b465ee728b)
Start importing Assets/ufu.png using Guid(7d6ed4f9c9edab841b196e1e69b688f0) Importer(815301076,1909f56bfc062723c751e8b465ee728b)  -> (artifact id: '6e06b6f821d448e9199e2bdb67f8db1b') in 0.050447 seconds 
========================================================================
Received Import Request.
  Time since last request: 0.000028 seconds.
  path: Assets/Sin título-3.psd
  artifactKey: Guid(b97d17dbd9faec74cbe2c9fb246e08d3) Importer(815301076,1909f56bfc062723c751e8b465ee728b)
Start importing Assets/Sin título-3.psd using Guid(b97d17dbd9faec74cbe2c9fb246e08d3) Importer(815301076,1909f56bfc062723c751e8b465ee728b)  -> (artifact id: 'd51aee7e9d086212b54ae4670178086b') in 0.053003 seconds 
========================================================================
Received Import Request.
  Time since last request: 0.000030 seconds.
  path: Assets/Square.png
  artifactKey: Guid(4c2ee4e323a323f4cb1b571cef7e88a2) Importer(815301076,1909f56bfc062723c751e8b465ee728b)
Start importing Assets/Square.png using Guid(4c2ee4e323a323f4cb1b571cef7e88a2) Importer(815301076,1909f56bfc062723c751e8b465ee728b)  -> (artifact id: '7386ddd77a8d75e4c28bc6a710efe276') in 0.034717 seconds 
========================================================================
Received Import Request.
  Time since last request: 0.269897 seconds.
  path: Assets/virus obstacle.psd
  artifactKey: Guid(975442aa04ab6f644bd74faa41cc3bda) Importer(815301076,1909f56bfc062723c751e8b465ee728b)
Start importing Assets/virus obstacle.psd using Guid(975442aa04ab6f644bd74faa41cc3bda) Importer(815301076,1909f56bfc062723c751e8b465ee728b)  -> (artifact id: '8c3b9d3af38388512ae42a9c1f031ffe') in 0.040312 seconds 
========================================================================
Received Import Request.
  Time since last request: 0.000023 seconds.
  path: Assets/white box.psd
  artifactKey: Guid(0576aa9234995934f9838593ee4cdb90) Importer(815301076,1909f56bfc062723c751e8b465ee728b)
Start importing Assets/white box.psd using Guid(0576aa9234995934f9838593ee4cdb90) Importer(815301076,1909f56bfc062723c751e8b465ee728b)  -> (artifact id: 'f3ea6b5703f0cdc5998b9e984b295508') in 0.041566 seconds 
========================================================================
Received Import Request.
  Time since last request: 0.000033 seconds.
  path: Assets/white triangle.psd
  artifactKey: Guid(289df8db2cbc04e45af5851cfd96c826) Importer(815301076,1909f56bfc062723c751e8b465ee728b)
Start importing Assets/white triangle.psd using Guid(289df8db2cbc04e45af5851cfd96c826) Importer(815301076,1909f56bfc062723c751e8b465ee728b)  -> (artifact id: 'ba879a3a37536e740471e60b6a718ee8') in 0.037924 seconds 
========================================================================
Received Import Request.
  Time since last request: 15.421610 seconds.
  path: Assets
  artifactKey: Guid(00000000000000001000000000000000) Importer(815301076,1909f56bfc062723c751e8b465ee728b)
Start importing Assets using Guid(00000000000000001000000000000000) Importer(815301076,1909f56bfc062723c751e8b465ee728b)  -> (artifact id: '79842766b460edbeab6a34051e857a80') in 0.015577 seconds 
========================================================================
Received Import Request.
  Time since last request: 20.219292 seconds.
  path: Assets/Pause.png
  artifactKey: Guid(86358ac9d3d7af5478e5d23a746ae034) Importer(815301076,1909f56bfc062723c751e8b465ee728b)
Start importing Assets/Pause.png using Guid(86358ac9d3d7af5478e5d23a746ae034) Importer(815301076,1909f56bfc062723c751e8b465ee728b)  -> (artifact id: 'c3dcb2978df1afc33d430b8eb8a2e152') in 0.045305 seconds 
