Using pre-set license
Built from '2021.3/staging' branch; Version is '2021.3.23f1 (213b516bf396) revision 2177873'; Using compiler version '192829333'; Build Type 'Release'
OS: 'Windows 11  (10.0.22621) 64bit Core' Language: 'es' Physical Memory: 15805 MB
BatchMode: 1, IsHumanControllingUs: 0, StartBugReporterOnCrash: 0, Is64bit: 1, IsPro: 1

COMMAND LINE ARGUMENTS:
D:\Unity\2021.3.23f1\Editor\Unity.exe
-adb2
-batchMode
-noUpm
-name
AssetImportWorker1
-projectPath
E:/DAM/M08 Desenvolupamen App mobil/gameM08/gameM08/theGameM08/gameM08_EndlessRunner
-logFile
Logs/AssetImportWorker1.log
-srvPort
61472
Successfully changed project path to: E:/DAM/M08 Desenvolupamen App mobil/gameM08/gameM08/theGameM08/gameM08_EndlessRunner
E:/DAM/M08 Desenvolupamen App mobil/gameM08/gameM08/theGameM08/gameM08_EndlessRunner
[UnityMemory] Configuration Parameters - Can be set up in boot.config
    "memorysetup-bucket-allocator-granularity=16"
    "memorysetup-bucket-allocator-bucket-count=8"
    "memorysetup-bucket-allocator-block-size=33554432"
    "memorysetup-bucket-allocator-block-count=8"
    "memorysetup-main-allocator-block-size=16777216"
    "memorysetup-thread-allocator-block-size=16777216"
    "memorysetup-gfx-main-allocator-block-size=16777216"
    "memorysetup-gfx-thread-allocator-block-size=16777216"
    "memorysetup-cache-allocator-block-size=4194304"
    "memorysetup-typetree-allocator-block-size=2097152"
    "memorysetup-profiler-bucket-allocator-granularity=16"
    "memorysetup-profiler-bucket-allocator-bucket-count=8"
    "memorysetup-profiler-bucket-allocator-block-size=33554432"
    "memorysetup-profiler-bucket-allocator-block-count=8"
    "memorysetup-profiler-allocator-block-size=16777216"
    "memorysetup-profiler-editor-allocator-block-size=1048576"
    "memorysetup-temp-allocator-size-main=16777216"
    "memorysetup-job-temp-allocator-block-size=2097152"
    "memorysetup-job-temp-allocator-block-size-background=1048576"
    "memorysetup-job-temp-allocator-reduction-small-platforms=262144"
    "memorysetup-temp-allocator-size-background-worker=32768"
    "memorysetup-temp-allocator-size-job-worker=262144"
    "memorysetup-temp-allocator-size-preload-manager=33554432"
    "memorysetup-temp-allocator-size-nav-mesh-worker=65536"
    "memorysetup-temp-allocator-size-audio-worker=65536"
    "memorysetup-temp-allocator-size-cloud-worker=32768"
    "memorysetup-temp-allocator-size-gi-baking-worker=262144"
    "memorysetup-temp-allocator-size-gfx=262144"
Player connection [25848] Host "[IP] 169.254.194.88 [Port] 0 [Flags] 2 [Guid] 1848442291 [EditorId] 1848442291 [Version] 1048832 [Id] WindowsEditor(7,ItsMeMario) [Debug] 1 [PackageName] WindowsEditor [ProjectName] Editor" joined multi-casting on [225.0.0.222:54997]...

Player connection [25848] Host "[IP] 169.254.194.88 [Port] 0 [Flags] 2 [Guid] 1848442291 [EditorId] 1848442291 [Version] 1048832 [Id] WindowsEditor(7,ItsMeMario) [Debug] 1 [PackageName] WindowsEditor [ProjectName] Editor" joined alternative multi-casting on [225.0.0.222:34997]...

Refreshing native plugins compatible for Editor in 196.18 ms, found 2 plugins.
Preloading 0 native plugins for Editor in 0.00 ms.
Initialize engine version: 2021.3.23f1 (213b516bf396)
[Subsystems] Discovering subsystems at path D:/Unity/2021.3.23f1/Editor/Data/Resources/UnitySubsystems
[Subsystems] Discovering subsystems at path E:/DAM/M08 Desenvolupamen App mobil/gameM08/gameM08/theGameM08/gameM08_EndlessRunner/Assets
GfxDevice: creating device client; threaded=0; jobified=0
Direct3D:
    Version:  Direct3D 11.0 [level 11.1]
    Renderer: NVIDIA GeForce GTX 1650 (ID=0x1f91)
    Vendor:   NVIDIA
    VRAM:     3962 MB
    Driver:   31.0.15.1640
Initialize mono
Mono path[0] = 'D:/Unity/2021.3.23f1/Editor/Data/Managed'
Mono path[1] = 'D:/Unity/2021.3.23f1/Editor/Data/MonoBleedingEdge/lib/mono/unityjit-win32'
Mono config path = 'D:/Unity/2021.3.23f1/Editor/Data/MonoBleedingEdge/etc'
Using monoOptions --debugger-agent=transport=dt_socket,embedding=1,server=y,suspend=n,address=127.0.0.1:56788
Begin MonoManager ReloadAssembly
Registering precompiled unity dll's ...
Register platform support module: D:/Unity/2021.3.23f1/Editor/Data/PlaybackEngines/WebGLSupport/UnityEditor.WebGL.Extensions.dll
Register platform support module: D:/Unity/2021.3.23f1/Editor/Data/PlaybackEngines/AndroidPlayer/UnityEditor.Android.Extensions.dll
Register platform support module: D:/Unity/2021.3.23f1/Editor/Data/PlaybackEngines/WindowsStandaloneSupport/UnityEditor.WindowsStandalone.Extensions.dll
Registered in 0.004501 seconds.
Native extension for WindowsStandalone target not found
Native extension for Android target not found
Android Extension - Scanning For ADB Devices 333 ms
Native extension for WebGL target not found
Refreshing native plugins compatible for Editor in 48.44 ms, found 2 plugins.
Preloading 0 native plugins for Editor in 0.00 ms.
Mono: successfully reloaded assembly
- Completed reload, in  1.291 seconds
Domain Reload Profiling:
	ReloadAssembly (1292ms)
		BeginReloadAssembly (117ms)
			ExecutionOrderSort (0ms)
			DisableScriptedObjects (0ms)
			BackupInstance (0ms)
			ReleaseScriptingObjects (0ms)
			CreateAndSetChildDomain (1ms)
		EndReloadAssembly (1044ms)
			LoadAssemblies (117ms)
			RebuildTransferFunctionScriptingTraits (0ms)
			SetupTypeCache (155ms)
			ReleaseScriptCaches (0ms)
			RebuildScriptCaches (38ms)
			SetupLoadedEditorAssemblies (779ms)
				LogAssemblyErrors (0ms)
				InitializePlatformSupportModulesInManaged (447ms)
				SetLoadedEditorAssemblies (0ms)
				RefreshPlugins (49ms)
				BeforeProcessingInitializeOnLoad (2ms)
				ProcessInitializeOnLoadAttributes (219ms)
				ProcessInitializeOnLoadMethodAttributes (62ms)
				AfterProcessingInitializeOnLoad (0ms)
				EditorAssembliesLoaded (0ms)
			ExecutionOrderSort2 (0ms)
			AwakeInstancesAfterBackupRestoration (0ms)
Platform modules already initialized, skipping
Registering precompiled user dll's ...
Registered in 0.006718 seconds.
Begin MonoManager ReloadAssembly
Native extension for WindowsStandalone target not found
Native extension for Android target not found
Native extension for WebGL target not found
Refreshing native plugins compatible for Editor in 0.69 ms, found 2 plugins.
Preloading 0 native plugins for Editor in 0.00 ms.
Mono: successfully reloaded assembly
- Completed reload, in  1.450 seconds
Domain Reload Profiling:
	ReloadAssembly (1451ms)
		BeginReloadAssembly (159ms)
			ExecutionOrderSort (0ms)
			DisableScriptedObjects (8ms)
			BackupInstance (0ms)
			ReleaseScriptingObjects (0ms)
			CreateAndSetChildDomain (27ms)
		EndReloadAssembly (1155ms)
			LoadAssemblies (125ms)
			RebuildTransferFunctionScriptingTraits (0ms)
			SetupTypeCache (250ms)
			ReleaseScriptCaches (1ms)
			RebuildScriptCaches (60ms)
			SetupLoadedEditorAssemblies (645ms)
				LogAssemblyErrors (0ms)
				InitializePlatformSupportModulesInManaged (22ms)
				SetLoadedEditorAssemblies (1ms)
				RefreshPlugins (1ms)
				BeforeProcessingInitializeOnLoad (179ms)
				ProcessInitializeOnLoadAttributes (269ms)
				ProcessInitializeOnLoadMethodAttributes (170ms)
				AfterProcessingInitializeOnLoad (3ms)
				EditorAssembliesLoaded (0ms)
			ExecutionOrderSort2 (0ms)
			AwakeInstancesAfterBackupRestoration (7ms)
Platform modules already initialized, skipping
========================================================================
Worker process is ready to serve import requests
Switching build target platform(19) subTarget(0) extendedPlatform(0) -> platform(13) subTarget(0) extendedPlatform(0)
Launched and connected shader compiler UnityShaderCompiler.exe after 0.07 seconds
Refreshing native plugins compatible for Editor in 0.80 ms, found 2 plugins.
Preloading 0 native plugins for Editor in 0.00 ms.
Unloading 2243 Unused Serialized files (Serialized files now loaded: 0)
Unloading 50 unused Assets / (58.7 KB). Loaded Objects now: 2691.
Memory consumption went from 87.4 MB to 87.4 MB.
Total: 8.658000 ms (FindLiveObjects: 0.269000 ms CreateObjectMapping: 0.077400 ms MarkObjects: 8.196700 ms  DeleteObjects: 0.113200 ms)

AssetImportParameters requested are different than current active one (requested -> active):
  custom:video-decoder-ogg-theora: a1e56fd34408186e4bbccfd4996cb3dc -> 
  custom:container-muxer-webm: aa71ff27fc2769a1b78a27578f13a17b -> 
  custom:container-demuxer-webm: 4f35f7cbe854078d1ac9338744f61a02 -> 
  custom:video-encoder-webm-vp8: eb34c28f22e8b96e1ab97ce403110664 -> 
  custom:audio-encoder-webm-vorbis: bf7c407c2cedff20999df2af8eb42d56 -> 
  custom:framework-win-MediaFoundation: 216162199b28c13a410421893ffa2e32 -> 
  custom:container-demuxer-ogg: 62fdf1f143b41e24485cea50d1cbac27 -> 
  custom:video-decoder-webm-vp8: 9c59270c3fd7afecdb556c50c9e8de78 -> 
  custom:audio-decoder-ogg-vorbis: bf7c407c2cedff20999df2af8eb42d56 -> 
========================================================================
Received Import Request.
  Time since last request: 69223.948926 seconds.
  path: Assets/174-1747603_png-file-svg-sound-symbol-transparent-png.png
  artifactKey: Guid(e7f8a12ff446707488b166f3579a5078) Importer(815301076,1909f56bfc062723c751e8b465ee728b)
Start importing Assets/174-1747603_png-file-svg-sound-symbol-transparent-png.png using Guid(e7f8a12ff446707488b166f3579a5078) Importer(815301076,1909f56bfc062723c751e8b465ee728b)  -> (artifact id: 'e331bc411bcdbef11fad92fdc7660f32') in 0.353419 seconds 
========================================================================
Received Import Request.
  Time since last request: 0.000053 seconds.
  path: Assets/18174_1464358368.prefab
  artifactKey: Guid(8aba86f63038370459c105435e15654d) Importer(815301076,1909f56bfc062723c751e8b465ee728b)
Start importing Assets/18174_1464358368.prefab using Guid(8aba86f63038370459c105435e15654d) Importer(815301076,1909f56bfc062723c751e8b465ee728b)  -> (artifact id: 'f094a3ca04e9e02c74e296bb5f82cfeb') in 0.044224 seconds 
========================================================================
Received Import Request.
  Time since last request: 0.000042 seconds.
  path: Assets/18026_1464273715 (1) 2.prefab
  artifactKey: Guid(54d2662f1a8f6e5419f8bccb367b7442) Importer(815301076,1909f56bfc062723c751e8b465ee728b)
Start importing Assets/18026_1464273715 (1) 2.prefab using Guid(54d2662f1a8f6e5419f8bccb367b7442) Importer(815301076,1909f56bfc062723c751e8b465ee728b)  -> (artifact id: '484b889dac396eeb60d46eb3d5d480fc') in 0.019240 seconds 
========================================================================
Received Import Request.
  Time since last request: 0.000028 seconds.
  path: Assets/18174_1464358368.mp3
  artifactKey: Guid(eb089a244553f954b95e9841323f04c2) Importer(815301076,1909f56bfc062723c751e8b465ee728b)
Start importing Assets/18174_1464358368.mp3 using Guid(eb089a244553f954b95e9841323f04c2) Importer(815301076,1909f56bfc062723c751e8b465ee728b)  -> (artifact id: '254df3de4d1b04199756902ed0e2890d') in 0.087674 seconds 
========================================================================
Received Import Request.
  Time since last request: 22.848275 seconds.
  path: Assets/arbusto 2.psd
  artifactKey: Guid(86679e2a8ecc07a45bd46cc424531247) Importer(815301076,1909f56bfc062723c751e8b465ee728b)
Start importing Assets/arbusto 2.psd using Guid(86679e2a8ecc07a45bd46cc424531247) Importer(815301076,1909f56bfc062723c751e8b465ee728b)  -> (artifact id: '1719b28cc576772076a43af154a64520') in 0.055116 seconds 
========================================================================
Received Import Request.
  Time since last request: 0.000035 seconds.
  path: Assets/espa単ita.prefab
  artifactKey: Guid(8b88c4dbabc6ea04cab2e704b09bae21) Importer(815301076,1909f56bfc062723c751e8b465ee728b)
Start importing Assets/espa単ita.prefab using Guid(8b88c4dbabc6ea04cab2e704b09bae21) Importer(815301076,1909f56bfc062723c751e8b465ee728b)  -> (artifact id: 'bb5f1a9f650fa1c46c3dc14c82dd64ab') in 0.024649 seconds 
========================================================================
Received Import Request.
  Time since last request: 0.000042 seconds.
  path: Assets/espa単ita.mp3
  artifactKey: Guid(487ca8f87aedf7348b43733b7c1b53aa) Importer(815301076,1909f56bfc062723c751e8b465ee728b)
Start importing Assets/espa単ita.mp3 using Guid(487ca8f87aedf7348b43733b7c1b53aa) Importer(815301076,1909f56bfc062723c751e8b465ee728b)  -> (artifact id: 'b110e44d0eba97515d45460434f94ba1') in 0.032337 seconds 
========================================================================
Received Import Request.
  Time since last request: 0.000034 seconds.
  path: Assets/crow sheet.psd
  artifactKey: Guid(5931c1cd1df6e424791acace54ca4870) Importer(815301076,1909f56bfc062723c751e8b465ee728b)
Start importing Assets/crow sheet.psd using Guid(5931c1cd1df6e424791acace54ca4870) Importer(815301076,1909f56bfc062723c751e8b465ee728b)  -> (artifact id: '51cceb2b7789287c3631eb0d44abc654') in 0.038994 seconds 
========================================================================
Received Import Request.
  Time since last request: 0.000026 seconds.
  path: Assets/cerezita.psd
  artifactKey: Guid(3f7e26b5cd745e94e93fb1d99900f1ba) Importer(815301076,1909f56bfc062723c751e8b465ee728b)
Start importing Assets/cerezita.psd using Guid(3f7e26b5cd745e94e93fb1d99900f1ba) Importer(815301076,1909f56bfc062723c751e8b465ee728b)  -> (artifact id: '202650c3602987ea4ce12104be64b991') in 0.041333 seconds 
========================================================================
Received Import Request.
  Time since last request: 0.000027 seconds.
  path: Assets/luna.psd
  artifactKey: Guid(2216f922fd2fe0941847882d40a67fca) Importer(815301076,1909f56bfc062723c751e8b465ee728b)
Start importing Assets/luna.psd using Guid(2216f922fd2fe0941847882d40a67fca) Importer(815301076,1909f56bfc062723c751e8b465ee728b)  -> (artifact id: 'f3a073bf78b064c557da499a9968d7b8') in 0.048557 seconds 
========================================================================
Received Import Request.
  Time since last request: 0.000033 seconds.
  path: Assets/aRRIBA.psd
  artifactKey: Guid(b3bac4f5c2a489749914ce907d9f0bf6) Importer(815301076,1909f56bfc062723c751e8b465ee728b)
Start importing Assets/aRRIBA.psd using Guid(b3bac4f5c2a489749914ce907d9f0bf6) Importer(815301076,1909f56bfc062723c751e8b465ee728b)  -> (artifact id: '6201089baef81f2fc552283d0ba9c7d9') in 0.041793 seconds 
========================================================================
Received Import Request.
  Time since last request: 0.000030 seconds.
  path: Assets/Circle.png
  artifactKey: Guid(e0522e8f65150f548b8768f3df7d0993) Importer(815301076,1909f56bfc062723c751e8b465ee728b)
Start importing Assets/Circle.png using Guid(e0522e8f65150f548b8768f3df7d0993) Importer(815301076,1909f56bfc062723c751e8b465ee728b)  -> (artifact id: 'c6ff7a04330a937a4642ea19d37c1ad1') in 0.039187 seconds 
