Using pre-set license
Built from '2021.3/staging' branch; Version is '2021.3.23f1 (213b516bf396) revision 2177873'; Using compiler version '192829333'; Build Type 'Release'
OS: 'Windows 11  (10.0.22621) 64bit Core' Language: 'es' Physical Memory: 15805 MB
BatchMode: 1, IsHumanControllingUs: 0, StartBugReporterOnCrash: 0, Is64bit: 1, IsPro: 1

COMMAND LINE ARGUMENTS:
D:\Unity\2021.3.23f1\Editor\Unity.exe
-adb2
-batchMode
-noUpm
-name
AssetImportWorker0
-projectPath
E:/DAM/M08 Desenvolupamen App mobil/gameM08/gameM08/theGameM08/gameM08_EndlessRunner
-logFile
Logs/AssetImportWorker0.log
-srvPort
61472
Successfully changed project path to: E:/DAM/M08 Desenvolupamen App mobil/gameM08/gameM08/theGameM08/gameM08_EndlessRunner
E:/DAM/M08 Desenvolupamen App mobil/gameM08/gameM08/theGameM08/gameM08_EndlessRunner
[UnityMemory] Configuration Parameters - Can be set up in boot.config
    "memorysetup-bucket-allocator-granularity=16"
    "memorysetup-bucket-allocator-bucket-count=8"
    "memorysetup-bucket-allocator-block-size=33554432"
    "memorysetup-bucket-allocator-block-count=8"
    "memorysetup-main-allocator-block-size=16777216"
    "memorysetup-thread-allocator-block-size=16777216"
    "memorysetup-gfx-main-allocator-block-size=16777216"
    "memorysetup-gfx-thread-allocator-block-size=16777216"
    "memorysetup-cache-allocator-block-size=4194304"
    "memorysetup-typetree-allocator-block-size=2097152"
    "memorysetup-profiler-bucket-allocator-granularity=16"
    "memorysetup-profiler-bucket-allocator-bucket-count=8"
    "memorysetup-profiler-bucket-allocator-block-size=33554432"
    "memorysetup-profiler-bucket-allocator-block-count=8"
    "memorysetup-profiler-allocator-block-size=16777216"
    "memorysetup-profiler-editor-allocator-block-size=1048576"
    "memorysetup-temp-allocator-size-main=16777216"
    "memorysetup-job-temp-allocator-block-size=2097152"
    "memorysetup-job-temp-allocator-block-size-background=1048576"
    "memorysetup-job-temp-allocator-reduction-small-platforms=262144"
    "memorysetup-temp-allocator-size-background-worker=32768"
    "memorysetup-temp-allocator-size-job-worker=262144"
    "memorysetup-temp-allocator-size-preload-manager=33554432"
    "memorysetup-temp-allocator-size-nav-mesh-worker=65536"
    "memorysetup-temp-allocator-size-audio-worker=65536"
    "memorysetup-temp-allocator-size-cloud-worker=32768"
    "memorysetup-temp-allocator-size-gi-baking-worker=262144"
    "memorysetup-temp-allocator-size-gfx=262144"
Player connection [19048] Host "[IP] 169.254.194.88 [Port] 0 [Flags] 2 [Guid] 3164232726 [EditorId] 3164232726 [Version] 1048832 [Id] WindowsEditor(7,ItsMeMario) [Debug] 1 [PackageName] WindowsEditor [ProjectName] Editor" joined multi-casting on [225.0.0.222:54997]...

Player connection [19048] Host "[IP] 169.254.194.88 [Port] 0 [Flags] 2 [Guid] 3164232726 [EditorId] 3164232726 [Version] 1048832 [Id] WindowsEditor(7,ItsMeMario) [Debug] 1 [PackageName] WindowsEditor [ProjectName] Editor" joined alternative multi-casting on [225.0.0.222:34997]...

Refreshing native plugins compatible for Editor in 196.55 ms, found 2 plugins.
Preloading 0 native plugins for Editor in 0.00 ms.
Initialize engine version: 2021.3.23f1 (213b516bf396)
[Subsystems] Discovering subsystems at path D:/Unity/2021.3.23f1/Editor/Data/Resources/UnitySubsystems
[Subsystems] Discovering subsystems at path E:/DAM/M08 Desenvolupamen App mobil/gameM08/gameM08/theGameM08/gameM08_EndlessRunner/Assets
GfxDevice: creating device client; threaded=0; jobified=0
Direct3D:
    Version:  Direct3D 11.0 [level 11.1]
    Renderer: NVIDIA GeForce GTX 1650 (ID=0x1f91)
    Vendor:   NVIDIA
    VRAM:     3962 MB
    Driver:   31.0.15.1640
Initialize mono
Mono path[0] = 'D:/Unity/2021.3.23f1/Editor/Data/Managed'
Mono path[1] = 'D:/Unity/2021.3.23f1/Editor/Data/MonoBleedingEdge/lib/mono/unityjit-win32'
Mono config path = 'D:/Unity/2021.3.23f1/Editor/Data/MonoBleedingEdge/etc'
Using monoOptions --debugger-agent=transport=dt_socket,embedding=1,server=y,suspend=n,address=127.0.0.1:56064
Begin MonoManager ReloadAssembly
Registering precompiled unity dll's ...
Register platform support module: D:/Unity/2021.3.23f1/Editor/Data/PlaybackEngines/WebGLSupport/UnityEditor.WebGL.Extensions.dll
Register platform support module: D:/Unity/2021.3.23f1/Editor/Data/PlaybackEngines/AndroidPlayer/UnityEditor.Android.Extensions.dll
Register platform support module: D:/Unity/2021.3.23f1/Editor/Data/PlaybackEngines/WindowsStandaloneSupport/UnityEditor.WindowsStandalone.Extensions.dll
Registered in 0.004934 seconds.
Native extension for WindowsStandalone target not found
Native extension for Android target not found
Android Extension - Scanning For ADB Devices 337 ms
Native extension for WebGL target not found
Refreshing native plugins compatible for Editor in 132.88 ms, found 2 plugins.
Preloading 0 native plugins for Editor in 0.00 ms.
Mono: successfully reloaded assembly
- Completed reload, in  1.311 seconds
Domain Reload Profiling:
	ReloadAssembly (1311ms)
		BeginReloadAssembly (107ms)
			ExecutionOrderSort (0ms)
			DisableScriptedObjects (0ms)
			BackupInstance (0ms)
			ReleaseScriptingObjects (0ms)
			CreateAndSetChildDomain (1ms)
		EndReloadAssembly (1072ms)
			LoadAssemblies (107ms)
			RebuildTransferFunctionScriptingTraits (0ms)
			SetupTypeCache (157ms)
			ReleaseScriptCaches (0ms)
			RebuildScriptCaches (37ms)
			SetupLoadedEditorAssemblies (793ms)
				LogAssemblyErrors (0ms)
				InitializePlatformSupportModulesInManaged (460ms)
				SetLoadedEditorAssemblies (0ms)
				RefreshPlugins (133ms)
				BeforeProcessingInitializeOnLoad (2ms)
				ProcessInitializeOnLoadAttributes (129ms)
				ProcessInitializeOnLoadMethodAttributes (70ms)
				AfterProcessingInitializeOnLoad (0ms)
				EditorAssembliesLoaded (0ms)
			ExecutionOrderSort2 (0ms)
			AwakeInstancesAfterBackupRestoration (0ms)
Platform modules already initialized, skipping
Registering precompiled user dll's ...
Registered in 0.017485 seconds.
Begin MonoManager ReloadAssembly
Native extension for WindowsStandalone target not found
Native extension for Android target not found
Native extension for WebGL target not found
Refreshing native plugins compatible for Editor in 0.61 ms, found 2 plugins.
Preloading 0 native plugins for Editor in 0.00 ms.
Mono: successfully reloaded assembly
- Completed reload, in  1.440 seconds
Domain Reload Profiling:
	ReloadAssembly (1441ms)
		BeginReloadAssembly (152ms)
			ExecutionOrderSort (0ms)
			DisableScriptedObjects (10ms)
			BackupInstance (0ms)
			ReleaseScriptingObjects (0ms)
			CreateAndSetChildDomain (26ms)
		EndReloadAssembly (1145ms)
			LoadAssemblies (118ms)
			RebuildTransferFunctionScriptingTraits (0ms)
			SetupTypeCache (242ms)
			ReleaseScriptCaches (1ms)
			RebuildScriptCaches (62ms)
			SetupLoadedEditorAssemblies (647ms)
				LogAssemblyErrors (0ms)
				InitializePlatformSupportModulesInManaged (21ms)
				SetLoadedEditorAssemblies (0ms)
				RefreshPlugins (1ms)
				BeforeProcessingInitializeOnLoad (171ms)
				ProcessInitializeOnLoadAttributes (268ms)
				ProcessInitializeOnLoadMethodAttributes (182ms)
				AfterProcessingInitializeOnLoad (3ms)
				EditorAssembliesLoaded (0ms)
			ExecutionOrderSort2 (0ms)
			AwakeInstancesAfterBackupRestoration (7ms)
Platform modules already initialized, skipping
========================================================================
Worker process is ready to serve import requests
Switching build target platform(19) subTarget(0) extendedPlatform(0) -> platform(13) subTarget(0) extendedPlatform(0)
Launched and connected shader compiler UnityShaderCompiler.exe after 0.07 seconds
Refreshing native plugins compatible for Editor in 0.85 ms, found 2 plugins.
Preloading 0 native plugins for Editor in 0.00 ms.
Unloading 2243 Unused Serialized files (Serialized files now loaded: 0)
Unloading 50 unused Assets / (58.7 KB). Loaded Objects now: 2691.
Memory consumption went from 87.4 MB to 87.4 MB.
Total: 8.945500 ms (FindLiveObjects: 0.299400 ms CreateObjectMapping: 0.086900 ms MarkObjects: 8.443200 ms  DeleteObjects: 0.114300 ms)

AssetImportParameters requested are different than current active one (requested -> active):
  custom:video-decoder-ogg-theora: a1e56fd34408186e4bbccfd4996cb3dc -> 
  custom:container-muxer-webm: aa71ff27fc2769a1b78a27578f13a17b -> 
  custom:container-demuxer-webm: 4f35f7cbe854078d1ac9338744f61a02 -> 
  custom:video-encoder-webm-vp8: eb34c28f22e8b96e1ab97ce403110664 -> 
  custom:audio-encoder-webm-vorbis: bf7c407c2cedff20999df2af8eb42d56 -> 
  custom:framework-win-MediaFoundation: 216162199b28c13a410421893ffa2e32 -> 
  custom:container-demuxer-ogg: 62fdf1f143b41e24485cea50d1cbac27 -> 
  custom:video-decoder-webm-vp8: 9c59270c3fd7afecdb556c50c9e8de78 -> 
  custom:audio-decoder-ogg-vorbis: bf7c407c2cedff20999df2af8eb42d56 -> 
========================================================================
Received Import Request.
  Time since last request: 69223.955775 seconds.
  path: Assets/18026_1464273715 (1).prefab
  artifactKey: Guid(8fa49e0a3f350f144898b42068723229) Importer(815301076,1909f56bfc062723c751e8b465ee728b)
Start importing Assets/18026_1464273715 (1).prefab using Guid(8fa49e0a3f350f144898b42068723229) Importer(815301076,1909f56bfc062723c751e8b465ee728b)  -> (artifact id: '15e8e5cdc05b3cd9d7c2fd0ab2d41b4c') in 0.145733 seconds 
========================================================================
Received Import Request.
  Time since last request: 0.000041 seconds.
  path: Assets/18026_1464273715 (1).mp3
  artifactKey: Guid(6ef6ad41cf6e8b447a9b9205a9c38dcc) Importer(815301076,1909f56bfc062723c751e8b465ee728b)
Start importing Assets/18026_1464273715 (1).mp3 using Guid(6ef6ad41cf6e8b447a9b9205a9c38dcc) Importer(815301076,1909f56bfc062723c751e8b465ee728b)  -> (artifact id: '14a1e417f957d598daa78d7a172dcf98') in 0.186102 seconds 
========================================================================
Received Import Request.
  Time since last request: 0.000051 seconds.
  path: Assets/18026_1464273715 (1) 1.prefab
  artifactKey: Guid(41f7f299521d11841bb01b7d177efe59) Importer(815301076,1909f56bfc062723c751e8b465ee728b)
Start importing Assets/18026_1464273715 (1) 1.prefab using Guid(41f7f299521d11841bb01b7d177efe59) Importer(815301076,1909f56bfc062723c751e8b465ee728b)  -> (artifact id: '9a6c41db3edb7ecfa9dc105145f0d7be') in 0.024748 seconds 
========================================================================
Received Import Request.
  Time since last request: 0.000041 seconds.
  path: Assets/16033.png
  artifactKey: Guid(f860a75fbc0512840843abbbef97b556) Importer(815301076,1909f56bfc062723c751e8b465ee728b)
Start importing Assets/16033.png using Guid(f860a75fbc0512840843abbbef97b556) Importer(815301076,1909f56bfc062723c751e8b465ee728b)  -> (artifact id: 'e2587d97813839570f7474631419b4eb') in 0.094785 seconds 
========================================================================
Received Import Request.
  Time since last request: 22.893161 seconds.
  path: Assets/arbusto 1.psd
  artifactKey: Guid(e62f5aba5133f4447a05b84cdb1935c7) Importer(815301076,1909f56bfc062723c751e8b465ee728b)
Start importing Assets/arbusto 1.psd using Guid(e62f5aba5133f4447a05b84cdb1935c7) Importer(815301076,1909f56bfc062723c751e8b465ee728b)  -> (artifact id: 'c3fe09e14264462d4c97383ff0e84394') in 0.054451 seconds 
========================================================================
Received Import Request.
  Time since last request: 0.000027 seconds.
  path: Assets/Canvas (1).prefab
  artifactKey: Guid(00bd019dc8c1b7e48b7e82790c792e53) Importer(815301076,1909f56bfc062723c751e8b465ee728b)
Start importing Assets/Canvas (1).prefab using Guid(00bd019dc8c1b7e48b7e82790c792e53) Importer(815301076,1909f56bfc062723c751e8b465ee728b)  -> (artifact id: '45be9aa9340023c6ca2e5b94184ec16f') in 0.043334 seconds 
========================================================================
Received Import Request.
  Time since last request: 0.000044 seconds.
  path: Assets/jajaja.png
  artifactKey: Guid(5e6073e005acf1e46996d04198299354) Importer(815301076,1909f56bfc062723c751e8b465ee728b)
Start importing Assets/jajaja.png using Guid(5e6073e005acf1e46996d04198299354) Importer(815301076,1909f56bfc062723c751e8b465ee728b)  -> (artifact id: '65f32e48bd54840972175752b805d734') in 0.131904 seconds 
========================================================================
Received Import Request.
  Time since last request: 0.000036 seconds.
  path: Assets/flecha.png
  artifactKey: Guid(bb5e6c70281aac648b17136fe1015015) Importer(815301076,1909f56bfc062723c751e8b465ee728b)
Start importing Assets/flecha.png using Guid(bb5e6c70281aac648b17136fe1015015) Importer(815301076,1909f56bfc062723c751e8b465ee728b)  -> (artifact id: 'f186b46f02d77f9a016d59f8075a0e05') in 0.061649 seconds 
========================================================================
Received Import Request.
  Time since last request: 0.000024 seconds.
  path: Assets/arbusto.psd
  artifactKey: Guid(0fedf428e2ddb9542a5b16f0f6aeeae2) Importer(815301076,1909f56bfc062723c751e8b465ee728b)
Start importing Assets/arbusto.psd using Guid(0fedf428e2ddb9542a5b16f0f6aeeae2) Importer(815301076,1909f56bfc062723c751e8b465ee728b)  -> (artifact id: 'a813e815c53bfd1d3aa60923e318c0c4') in 0.040746 seconds 
========================================================================
Received Import Request.
  Time since last request: 0.000031 seconds.
  path: Assets/bg.psd
  artifactKey: Guid(53ecc6dd8d92ae542874a1cc910dcaa8) Importer(815301076,1909f56bfc062723c751e8b465ee728b)
Start importing Assets/bg.psd using Guid(53ecc6dd8d92ae542874a1cc910dcaa8) Importer(815301076,1909f56bfc062723c751e8b465ee728b)  -> (artifact id: '07e779f9a6cf52d1e269d8bce37322fe') in 0.036363 seconds 
